[debug] [2019-10-31T02:03:01.989Z] ----------------------------------------------------------------------
[debug] [2019-10-31T02:03:01.991Z] Command:       /usr/local/Cellar/node/12.10.0/bin/node /usr/local/bin/firebase deploy
[debug] [2019-10-31T02:03:01.992Z] CLI Version:   7.6.2
[debug] [2019-10-31T02:03:01.992Z] Platform:      darwin
[debug] [2019-10-31T02:03:01.992Z] Node Version:  v12.10.0
[debug] [2019-10-31T02:03:01.993Z] Time:          Wed Oct 30 2019 21:03:01 GMT-0500 (Central Daylight Time)
[debug] [2019-10-31T02:03:01.993Z] ----------------------------------------------------------------------
[debug] [2019-10-31T02:03:01.993Z] 
[debug] [2019-10-31T02:03:02.003Z] > command requires scopes: ["email","openid","https://www.googleapis.com/auth/cloudplatformprojects.readonly","https://www.googleapis.com/auth/firebase","https://www.googleapis.com/auth/cloud-platform"]
[debug] [2019-10-31T02:03:02.003Z] > authorizing via signed-in user
[debug] [2019-10-31T02:03:02.003Z] [iam] checking project quickdoc-8a808 for permissions ["firebase.projects.get","firebasedatabase.instances.update","firebasehosting.sites.update"]
[debug] [2019-10-31T02:03:02.005Z] >>> HTTP REQUEST POST https://cloudresourcemanager.googleapis.com/v1/projects/quickdoc-8a808:testIamPermissions  

[debug] [2019-10-31T02:03:02.143Z] <<< HTTP RESPONSE 200
[debug] [2019-10-31T02:03:02.147Z] >>> HTTP REQUEST GET https://firebase.googleapis.com/v1beta1/projects/quickdoc-8a808  
 
[debug] [2019-10-31T02:03:02.284Z] <<< HTTP RESPONSE 200
[info] 
[info] === Deploying to 'quickdoc-8a808'...
[info] 
[info] i  deploying database, hosting
[info] i  database: checking rules syntax...
[debug] [2019-10-31T02:03:02.303Z] >>> HTTP REQUEST PUT https://quickdoc-8a808.firebaseio.com/.settings/rules.json?dryRun=true  
 {
  /* Visit https://firebase.google.com/docs/database/security to learn more about security rules. */
  "rules": {
    ".read": false,
    ".write": false
  }
}
[debug] [2019-10-31T02:03:02.466Z] <<< HTTP RESPONSE 200
[info] ✔  database: rules syntax for database quickdoc-8a808 is valid
[debug] [2019-10-31T02:03:02.469Z] >>> HTTP REQUEST POST https://firebasehosting.googleapis.com/v1beta1/sites/quickdoc-8a808/versions  

[debug] [2019-10-31T02:03:12.598Z] <<< HTTP RESPONSE 503
[debug] [2019-10-31T02:03:12.599Z] <<< HTTP RESPONSE BODY
[error] 
[error] Error: HTTP Error: 503, The service is currently unavailable.
[debug] [2019-10-31T02:03:12.652Z] Error Context: {
  "body": {
    "error": {
      "code": 503,
      "message": "The service is currently unavailable.",
      "status": "UNAVAILABLE"
    }
  },
  "response": {
    "statusCode": 503,
    "body": {
      "error": {
        "code": 503,
        "message": "The service is currently unavailable.",
        "status": "UNAVAILABLE"
      }
    },
    "headers": {
      "vary": "X-Origin, Referer, Origin,Accept-Encoding",
      "content-type": "application/json; charset=UTF-8",
      "date": "Thu, 31 Oct 2019 02:03:12 GMT",
      "server": "ESF",
      "cache-control": "private",
      "x-xss-protection": "0",
      "x-frame-options": "SAMEORIGIN",
      "x-content-type-options": "nosniff",
      "alt-svc": "quic=\":443\"; ma=2592000; v=\"46,43\",h3-Q049=\":443\"; ma=2592000,h3-Q048=\":443\"; ma=2592000,h3-Q046=\":443\"; ma=2592000,h3-Q043=\":443\"; ma=2592000",
      "accept-ranges": "none",
      "transfer-encoding": "chunked"
    },
    "request": {
      "uri": {
        "protocol": "https:",
        "slashes": true,
        "auth": null,
        "host": "firebasehosting.googleapis.com",
        "port": 443,
        "hostname": "firebasehosting.googleapis.com",
        "hash": null,
        "search": null,
        "query": null,
        "pathname": "/v1beta1/sites/quickdoc-8a808/versions",
        "path": "/v1beta1/sites/quickdoc-8a808/versions",
        "href": "https://firebasehosting.googleapis.com/v1beta1/sites/quickdoc-8a808/versions"
      },
      "method": "POST"
    }
  }
}
